<?xml version="1.0" encoding="UTF-8"?>
<!-- Generated by org.testng.reporters.JUnitXMLReporter -->
<testsuite hostname="NST-AGAM" name="MyESINewRegistration" tests="1" failures="1" timestamp="10 Jan 2018 07:49:22 GMT" time="131.485" errors="0">
  <testcase name="MyesiRegistration" time="89.989" classname="com.twentyeighty.functional.MyESIRegistrationTest">
    <failure type="java.lang.AssertionError" message="By.id: ctl00_MainContentArea_PasswordTextBox NoSuchElementException NOT FOUND. TEST FAILED.">
      <![CDATA[java.lang.AssertionError: By.id: ctl00_MainContentArea_PasswordTextBox NoSuchElementException NOT FOUND. TEST FAILED.
	at com.twentyeighty.core.Wrapper.getElement(Wrapper.java:214)
	at com.twentyeighty.core.Wrapper.setTextBoxValue(Wrapper.java:106)
	at com.twentyeighty.myesiws.NewUserMyESI.passwordAndRadioButton(NewUserMyESI.java:79)
	at com.twentyeighty.functional.MyESIRegistrationTest.MyesiRegistration(MyESIRegistrationTest.java:38)
... Removed 28 stack frames]]>
    </failure>
  </testcase> <!-- MyesiRegistration -->
</testsuite> <!-- MyESINewRegistration -->
