<?xml version="1.0" encoding="UTF-8"?>
<!-- Generated by org.testng.reporters.JUnitReportReporter -->
<testsuite hostname="NST-AGAM" name="com.twentyeighty.functional.MyESIRegistrationTest" tests="1" failures="0" timestamp="9 Jan 2018 11:18:58 GMT" time="100.237" errors="1">
  <testcase name="MyesiRegistration" time="100.237" classname="com.twentyeighty.functional.MyESIRegistrationTest">
    <error type="java.lang.AssertionError" message="By.id: ctl00_MainContentArea_PasswordTextBox NoSuchElementException NOT FOUND. TEST FAILED.">
      <![CDATA[java.lang.AssertionError: By.id: ctl00_MainContentArea_PasswordTextBox NoSuchElementException NOT FOUND. TEST FAILED.
	at org.testng.Assert.fail(Assert.java:94)
	at com.twentyeighty.core.Wrapper.getElement(Wrapper.java:214)
	at com.twentyeighty.core.Wrapper.setTextBoxValue(Wrapper.java:106)
	at com.twentyeighty.myesiws.NewUserMyESI.passwordAndRadioButton(NewUserMyESI.java:79)
	at com.twentyeighty.functional.MyESIRegistrationTest.MyesiRegistration(MyESIRegistrationTest.java:38)
	at sun.reflect.NativeMethodAccessorImpl.invoke0(Native Method)
	at sun.reflect.NativeMethodAccessorImpl.invoke(Unknown Source)
	at sun.reflect.DelegatingMethodAccessorImpl.invoke(Unknown Source)
	at java.lang.reflect.Method.invoke(Unknown Source)
	at org.testng.internal.MethodInvocationHelper.invokeMethod(MethodInvocationHelper.java:84)
	at org.testng.internal.Invoker.invokeMethod(Invoker.java:714)
	at org.testng.internal.Invoker.invokeTestMethod(Invoker.java:901)
	at org.testng.internal.Invoker.invokeTestMethods(Invoker.java:1231)
	at org.testng.internal.TestMethodWorker.invokeTestMethods(TestMethodWorker.java:127)
	at org.testng.internal.TestMethodWorker.run(TestMethodWorker.java:111)
	at org.testng.TestRunner.privateRun(TestRunner.java:767)
	at org.testng.TestRunner.run(TestRunner.java:617)
	at org.testng.SuiteRunner.runTest(SuiteRunner.java:334)
	at org.testng.SuiteRunner.runSequentially(SuiteRunner.java:329)
	at org.testng.SuiteRunner.privateRun(SuiteRunner.java:291)
	at org.testng.SuiteRunner.run(SuiteRunner.java:240)
	at org.testng.SuiteRunnerWorker.runSuite(SuiteRunnerWorker.java:52)
	at org.testng.SuiteRunnerWorker.run(SuiteRunnerWorker.java:86)
	at org.testng.TestNG.runSuitesSequentially(TestNG.java:1224)
	at org.testng.TestNG.runSuitesLocally(TestNG.java:1149)
	at org.testng.TestNG.run(TestNG.java:1057)
	at org.testng.remote.AbstractRemoteTestNG.run(AbstractRemoteTestNG.java:132)
	at org.testng.remote.RemoteTestNG.initAndRun(RemoteTestNG.java:230)
	at org.testng.remote.RemoteTestNG.main(RemoteTestNG.java:76)
]]>
    </error>
  </testcase> <!-- MyesiRegistration -->
</testsuite> <!-- com.twentyeighty.functional.MyESIRegistrationTest -->
